Arguments: 
  /usr/local/Cellar/node/9.11.1/bin/node /usr/local/Cellar/yarn/1.5.1_1/libexec/bin/yarn.js

PATH: 
  /Users/andersjramsay/bin:/usr/local/bin:/usr/local/bin:/usr/bin:/bin:/usr/sbin:/sbin

Yarn version: 
  1.5.1

Node version: 
  9.11.1

Platform: 
  darwin x64

npm manifest: 
  {
    "name": "anders.co",
    "version": "1.0.0",
    "private": true,
    "description": "anders.co website",
    "repository": {
      "type": "git",
      "url": "https://github.com/andersr/andersco-site"
    },
    "engines": {
      "node": "6.2.2"
    },
    "main": "main.js",
    "scripts": {
      "start": "NODE_ENV=development node server.js",
      "deploy-staging": "git push staging master",
      "deploy-prod": "git push production master"
    },
    "keywords": [],
    "author": "Anders Ramsay <anders@anders.co> (http://anders.co)",
    "license": "MIT",
    "devDependencies": {
      "babel-eslint": "^7.1.1",
      "browser-sync": "^2.23.6",
      "del": "^2.2.1",
      "eslint": "^3.9.1",
      "eslint-friendly-formatter": "^2.0.6",
      "eslint-plugin-babel": "^3.3.0",
      "gulp": "github:gulpjs/gulp#4.0",
      "gulp-autoprefixer": "^3.1.1",
      "gulp-clean-css": "^2.0.13",
      "gulp-cleanhtml": "^1.0.1",
      "gulp-concat": "^2.6.0",
      "gulp-eslint": "^3.0.1",
      "gulp-jshint": "^2.1.0",
      "gulp-nodemon": "^2.2.1",
      "gulp-real-favicon": "^0.2.1",
      "gulp-rename": "^1.2.2",
      "gulp-sass": "^3.2.1",
      "gulp-sourcemaps": "^2.6.4",
      "gulp-uglify": "^2.0.0",
      "gulp-useref": "^3.1.5",
      "gulp-using": "^0.1.1",
      "jshint": "^2.9.4",
      "jshint-stylish": "^2.2.1",
      "nodemon": "^1.17.3",
      "require-dir": "^0.3.1"
    },
    "dependencies": {
      "basic-auth-connect": "^1.0.0",
      "body-parser": "^1.18.2",
      "dotenv": "^2.0.0",
      "ejs": "^2.5.8",
      "email-validator": "^1.0.7",
      "express": "^4.16.3",
      "helmet": "^3.12.0",
      "nodemailer": "^2.6.4",
      "nodemailer-mailgun-transport": "^1.3.6"
    },
    "standard": {
      "ignore": [
        "/dist/",
        "/src/scripts/vendor/",
        "**/*.min.js",
        "/tmp"
      ]
    }
  }

yarn manifest: 
  No manifest

Lockfile: 
  No lockfile

Trace: 
  Error: Found incompatible module
      at new MessageError (/usr/local/Cellar/yarn/1.5.1_1/libexec/lib/cli.js:186:110)
      at Object.checkOne (/usr/local/Cellar/yarn/1.5.1_1/libexec/lib/cli.js:62444:11)
      at /usr/local/Cellar/yarn/1.5.1_1/libexec/lib/cli.js:22773:75
      at Generator.next (<anonymous>)
      at step (/usr/local/Cellar/yarn/1.5.1_1/libexec/lib/cli.js:98:30)
      at /usr/local/Cellar/yarn/1.5.1_1/libexec/lib/cli.js:116:14
      at new Promise (<anonymous>)
      at new F (/usr/local/Cellar/yarn/1.5.1_1/libexec/lib/cli.js:23451:28)
      at /usr/local/Cellar/yarn/1.5.1_1/libexec/lib/cli.js:95:12
      at /usr/local/Cellar/yarn/1.5.1_1/libexec/lib/cli.js:22777:27
